<?xml version="1.0" encoding="UTF-8"?>
<!-- Generated by org.testng.reporters.JUnitReportReporter -->
<testsuite skipped="0" hostname="Ranjeeth-TV" name="Planit.Planit_Tests" tests="3" failures="0" timestamp="2019-09-29T10:11:34 NZDT" time="10.343" errors="0">
  <testcase name="verifyHomepageTitle" time="0.018" classname="Planit.Planit_Tests"/>
  <testcase name="contact_page" time="8.154" classname="Planit.Planit_Tests"/>
  <testcase name="createNewAccount" time="2.171" classname="Planit.Planit_Tests"/>
</testsuite> <!-- Planit.Planit_Tests -->
