<?xml version="1.0" encoding="UTF-8"?>
<!-- Generated by org.testng.reporters.JUnitReportReporter -->
<testsuite skipped="0" hostname="Ranjeeth-TV" name="Planit_Tests.contact_test" tests="3" failures="0" timestamp="2019-09-29T15:59:18 NZDT" time="6.127" errors="0">
  <testcase name="verifyHomepageTitle" time="0.590" classname="Planit_Tests.contact_test"/>
  <testcase name="contact_page" time="3.492" classname="Planit_Tests.contact_test"/>
  <testcase name="createNewAccount" time="2.045" classname="Planit_Tests.contact_test"/>
</testsuite> <!-- Planit_Tests.contact_test -->
