<?xml version="1.0" encoding="UTF-8"?>
<!-- Generated by org.testng.reporters.JUnitReportReporter -->
<testsuite skipped="0" hostname="Ranjeeth-TV" name="Planit.contact_test" tests="3" failures="0" timestamp="2019-09-29T14:14:52 NZDT" time="5.738" errors="0">
  <testcase name="verifyHomepageTitle" time="0.399" classname="Planit.contact_test"/>
  <testcase name="contact_page" time="3.226" classname="Planit.contact_test"/>
  <testcase name="createNewAccount" time="2.113" classname="Planit.contact_test"/>
</testsuite> <!-- Planit.contact_test -->
