<?xml version="1.0" encoding="UTF-8"?>
<!-- Generated by org.testng.reporters.JUnitReportReporter -->
<testsuite skipped="0" hostname="Ranjeeth-TV" name="SampleTNG.NewTest" tests="1" failures="0" timestamp="2019-09-28T17:47:12 NZST" time="0.006" errors="0">
  <testcase name="f" time="0.006" classname="SampleTNG.NewTest"/>
</testsuite> <!-- SampleTNG.NewTest -->
