<?xml version="1.0" encoding="UTF-8"?>
<!-- Generated by org.testng.reporters.JUnitReportReporter -->
<testsuite skipped="0" hostname="Ranjeeth-TV" name="Planit.testcases" tests="1" failures="0" timestamp="2019-09-28T17:48:13 NZST" time="0.002" errors="0">
  <testcase name="Test" time="0.002" classname="Planit.testcases"/>
</testsuite> <!-- Planit.testcases -->
